2026-03-15T18:20:19.619+01:00 r= ip=  INFO 50189 --- [wendys-family-tree] [main] .a.i.SeprIndividualAssignmentApplication : Starting SeprIndividualAssignmentApplication using Java 25 with PID 50189 (/Users/yoanaangelova/Desktop/TU Wien/8. Semester/SE_Project/se_project/backend/target/classes started by yoanaangelova in /Users/yoanaangelova/Desktop/TU Wien/8. Semester/SE_Project/se_project/backend)
2026-03-15T18:20:19.624+01:00 r= ip=  INFO 50189 --- [wendys-family-tree] [main] .a.i.SeprIndividualAssignmentApplication : No active profile set, falling back to 1 default profile: "default"
2026-03-15T18:20:21.768+01:00 r= ip=  INFO 50189 --- [wendys-family-tree] [main] o.s.boot.tomcat.TomcatWebServer          : Tomcat initialized with port 8080 (http)
2026-03-15T18:20:21.790+01:00 r= ip=  INFO 50189 --- [wendys-family-tree] [main] o.apache.catalina.core.StandardService   : Starting service [Tomcat]
2026-03-15T18:20:21.792+01:00 r= ip=  INFO 50189 --- [wendys-family-tree] [main] o.apache.catalina.core.StandardEngine    : Starting Servlet engine: [Apache Tomcat/11.0.18]
2026-03-15T18:20:22.242+01:00 r= ip=  INFO 50189 --- [wendys-family-tree] [main] b.w.c.s.WebApplicationContextInitializer : Root WebApplicationContext: initialization completed in 2493 ms
2026-03-15T18:20:23.072+01:00 r= ip=  INFO 50189 --- [wendys-family-tree] [main] o.s.boot.tomcat.TomcatWebServer          : Tomcat started on port 8080 (http) with context path '/'
2026-03-15T18:20:23.089+01:00 r= ip=  INFO 50189 --- [wendys-family-tree] [main] .a.i.SeprIndividualAssignmentApplication : Started SeprIndividualAssignmentApplication in 4.441 seconds (process running for 5.185)
2026-03-15T18:24:56.211+01:00 r= ip=  INFO 50189 --- [wendys-family-tree] [SpringApplicationShutdownHook] o.s.boot.tomcat.GracefulShutdown         : Commencing graceful shutdown. Waiting for active requests to complete
2026-03-15T18:24:56.261+01:00 r= ip=  INFO 50189 --- [wendys-family-tree] [tomcat-shutdown] o.s.boot.tomcat.GracefulShutdown         : Graceful shutdown complete
2026-03-15T18:27:06.160+01:00 r= ip=  INFO 50670 --- [wendys-family-tree] [main] .a.i.SeprIndividualAssignmentApplication : Starting SeprIndividualAssignmentApplication using Java 25 with PID 50670 (/Users/yoanaangelova/Desktop/TU Wien/8. Semester/SE_Project/se_project/backend/target/classes started by yoanaangelova in /Users/yoanaangelova/Desktop/TU Wien/8. Semester/SE_Project/se_project/backend)
2026-03-15T18:27:06.165+01:00 r= ip=  INFO 50670 --- [wendys-family-tree] [main] .a.i.SeprIndividualAssignmentApplication : No active profile set, falling back to 1 default profile: "default"
2026-03-15T18:27:08.339+01:00 r= ip=  INFO 50670 --- [wendys-family-tree] [main] o.s.boot.tomcat.TomcatWebServer          : Tomcat initialized with port 8080 (http)
2026-03-15T18:27:08.360+01:00 r= ip=  INFO 50670 --- [wendys-family-tree] [main] o.apache.catalina.core.StandardService   : Starting service [Tomcat]
2026-03-15T18:27:08.362+01:00 r= ip=  INFO 50670 --- [wendys-family-tree] [main] o.apache.catalina.core.StandardEngine    : Starting Servlet engine: [Apache Tomcat/11.0.18]
2026-03-15T18:27:08.426+01:00 r= ip=  INFO 50670 --- [wendys-family-tree] [main] b.w.c.s.WebApplicationContextInitializer : Root WebApplicationContext: initialization completed in 2140 ms
2026-03-15T18:27:09.243+01:00 r= ip=  INFO 50670 --- [wendys-family-tree] [main] o.s.boot.tomcat.TomcatWebServer          : Tomcat started on port 8080 (http) with context path '/'
2026-03-15T18:27:09.260+01:00 r= ip=  INFO 50670 --- [wendys-family-tree] [main] .a.i.SeprIndividualAssignmentApplication : Started SeprIndividualAssignmentApplication in 4.094 seconds (process running for 4.999)
2026-03-15T18:27:14.918+01:00 r= ip=  INFO 50670 --- [wendys-family-tree] [http-nio-8080-exec-1] o.a.c.c.C.[Tomcat].[localhost].[/]       : Initializing Spring DispatcherServlet 'dispatcherServlet'
2026-03-15T18:27:14.919+01:00 r= ip=  INFO 50670 --- [wendys-family-tree] [http-nio-8080-exec-1] o.s.web.servlet.DispatcherServlet        : Initializing Servlet 'dispatcherServlet'
2026-03-15T18:27:14.921+01:00 r= ip=  INFO 50670 --- [wendys-family-tree] [http-nio-8080-exec-1] o.s.web.servlet.DispatcherServlet        : Completed initialization in 1 ms
2026-03-15T18:27:14.931+01:00 r=b9a902d6af42 ip=0:0:0:0:0:0:0:1  INFO 50670 --- [wendys-family-tree] [http-nio-8080-exec-1] a.a.t.s.a.individual.config.LogFilter    : >>> GET /horses UA=curl/8.7.1
2026-03-15T18:27:14.991+01:00 r=b9a902d6af42 ip=0:0:0:0:0:0:0:1  INFO 50670 --- [wendys-family-tree] [http-nio-8080-exec-1] a.a.t.s.a.individual.rest.HorseEndpoint  : GET /horses
2026-03-15T18:27:14.999+01:00 r=b9a902d6af42 ip=0:0:0:0:0:0:0:1  INFO 50670 --- [wendys-family-tree] [http-nio-8080-exec-1] com.zaxxer.hikari.HikariDataSource       : HikariPool-1 - Starting...
2026-03-15T18:27:15.719+01:00 r=b9a902d6af42 ip=0:0:0:0:0:0:0:1  INFO 50670 --- [wendys-family-tree] [http-nio-8080-exec-1] com.zaxxer.hikari.pool.HikariPool        : HikariPool-1 - Added connection conn1: url=jdbc:h2:./wendydb user=SA
2026-03-15T18:27:15.727+01:00 r=b9a902d6af42 ip=0:0:0:0:0:0:0:1  INFO 50670 --- [wendys-family-tree] [http-nio-8080-exec-1] com.zaxxer.hikari.HikariDataSource       : HikariPool-1 - Start completed.
2026-03-15T18:27:15.920+01:00 r=b9a902d6af42 ip=0:0:0:0:0:0:0:1  INFO 50670 --- [wendys-family-tree] [http-nio-8080-exec-1] a.a.t.s.a.individual.config.LogFilter    : <<< GET /horses status=200 time=987ms
2026-03-15T18:30:07.234+01:00 r=c2399941a601 ip=0:0:0:0:0:0:0:1  INFO 50670 --- [wendys-family-tree] [http-nio-8080-exec-2] a.a.t.s.a.individual.config.LogFilter    : >>> GET /horses UA=Mozilla/5.0 (Macintosh; Intel Mac OS X 10_15_7) AppleWebKit/605.1.15 (KHTML, like Gecko) Version/26.3 Safari/605.1.15
2026-03-15T18:30:07.368+01:00 r=c2399941a601 ip=0:0:0:0:0:0:0:1  INFO 50670 --- [wendys-family-tree] [http-nio-8080-exec-2] a.a.t.s.a.individual.rest.HorseEndpoint  : GET /horses
2026-03-15T18:30:07.386+01:00 r=c2399941a601 ip=0:0:0:0:0:0:0:1  INFO 50670 --- [wendys-family-tree] [http-nio-8080-exec-2] a.a.t.s.a.individual.config.LogFilter    : <<< GET /horses status=200 time=140ms
2026-03-15T18:57:17.400+01:00 r= ip=  INFO 54995 --- [wendys-family-tree] [main] .a.i.SeprIndividualAssignmentApplication : Starting SeprIndividualAssignmentApplication using Java 25 with PID 54995 (/Users/yoanaangelova/Desktop/TU Wien/8. Semester/SE_Project/se_project/backend/target/classes started by yoanaangelova in /Users/yoanaangelova/Desktop/TU Wien/8. Semester/SE_Project/se_project/backend)
2026-03-15T18:57:17.406+01:00 r= ip=  INFO 54995 --- [wendys-family-tree] [main] .a.i.SeprIndividualAssignmentApplication : No active profile set, falling back to 1 default profile: "default"
2026-03-15T18:57:19.599+01:00 r= ip=  INFO 54995 --- [wendys-family-tree] [main] o.s.boot.tomcat.TomcatWebServer          : Tomcat initialized with port 8080 (http)
2026-03-15T18:57:19.620+01:00 r= ip=  INFO 54995 --- [wendys-family-tree] [main] o.apache.catalina.core.StandardService   : Starting service [Tomcat]
2026-03-15T18:57:19.622+01:00 r= ip=  INFO 54995 --- [wendys-family-tree] [main] o.apache.catalina.core.StandardEngine    : Starting Servlet engine: [Apache Tomcat/11.0.18]
2026-03-15T18:57:19.687+01:00 r= ip=  INFO 54995 --- [wendys-family-tree] [main] b.w.c.s.WebApplicationContextInitializer : Root WebApplicationContext: initialization completed in 2155 ms
2026-03-15T18:57:20.477+01:00 r= ip=  WARN 54995 --- [wendys-family-tree] [main] ConfigServletWebServerApplicationContext : Exception encountered during context initialization - cancelling refresh attempt: org.springframework.context.ApplicationContextException: Failed to start bean 'webServerStartStop'
2026-03-15T18:57:20.507+01:00 r= ip=  INFO 54995 --- [wendys-family-tree] [main] .s.b.a.l.ConditionEvaluationReportLogger : 

Error starting ApplicationContext. To display the condition evaluation report re-run your application with 'debug' enabled.
2026-03-15T18:57:20.520+01:00 r= ip= ERROR 54995 --- [wendys-family-tree] [main] o.s.b.d.LoggingFailureAnalysisReporter   : 

***************************
APPLICATION FAILED TO START
***************************

Description:

Web server failed to start. Port 8080 was already in use.

Action:

Identify and stop the process that's listening on port 8080 or configure this application to listen on another port.

2026-03-15T18:58:34.275+01:00 r= ip=  INFO 50670 --- [wendys-family-tree] [SpringApplicationShutdownHook] o.s.boot.tomcat.GracefulShutdown         : Commencing graceful shutdown. Waiting for active requests to complete
2026-03-15T18:58:34.306+01:00 r= ip=  INFO 50670 --- [wendys-family-tree] [tomcat-shutdown] o.s.boot.tomcat.GracefulShutdown         : Graceful shutdown complete
2026-03-15T18:58:34.325+01:00 r= ip=  INFO 50670 --- [wendys-family-tree] [SpringApplicationShutdownHook] com.zaxxer.hikari.HikariDataSource       : HikariPool-1 - Shutdown initiated...
2026-03-15T18:58:34.338+01:00 r= ip=  INFO 50670 --- [wendys-family-tree] [SpringApplicationShutdownHook] com.zaxxer.hikari.HikariDataSource       : HikariPool-1 - Shutdown completed.
2026-03-15T18:58:44.110+01:00 r= ip=  INFO 55285 --- [wendys-family-tree] [main] .a.i.SeprIndividualAssignmentApplication : Starting SeprIndividualAssignmentApplication using Java 25 with PID 55285 (/Users/yoanaangelova/Desktop/TU Wien/8. Semester/SE_Project/se_project/backend/target/classes started by yoanaangelova in /Users/yoanaangelova/Desktop/TU Wien/8. Semester/SE_Project/se_project/backend)
2026-03-15T18:58:44.116+01:00 r= ip=  INFO 55285 --- [wendys-family-tree] [main] .a.i.SeprIndividualAssignmentApplication : No active profile set, falling back to 1 default profile: "default"
2026-03-15T18:58:46.428+01:00 r= ip=  INFO 55285 --- [wendys-family-tree] [main] o.s.boot.tomcat.TomcatWebServer          : Tomcat initialized with port 8080 (http)
2026-03-15T18:58:46.450+01:00 r= ip=  INFO 55285 --- [wendys-family-tree] [main] o.apache.catalina.core.StandardService   : Starting service [Tomcat]
2026-03-15T18:58:46.452+01:00 r= ip=  INFO 55285 --- [wendys-family-tree] [main] o.apache.catalina.core.StandardEngine    : Starting Servlet engine: [Apache Tomcat/11.0.18]
2026-03-15T18:58:46.520+01:00 r= ip=  INFO 55285 --- [wendys-family-tree] [main] b.w.c.s.WebApplicationContextInitializer : Root WebApplicationContext: initialization completed in 2290 ms
2026-03-15T18:58:47.330+01:00 r= ip=  INFO 55285 --- [wendys-family-tree] [main] o.s.boot.tomcat.TomcatWebServer          : Tomcat started on port 8080 (http) with context path '/'
2026-03-15T18:58:47.346+01:00 r= ip=  INFO 55285 --- [wendys-family-tree] [main] .a.i.SeprIndividualAssignmentApplication : Started SeprIndividualAssignmentApplication in 4.225 seconds (process running for 5.016)
2026-03-15T19:00:43.264+01:00 r= ip=  INFO 55285 --- [wendys-family-tree] [http-nio-8080-exec-1] o.a.c.c.C.[Tomcat].[localhost].[/]       : Initializing Spring DispatcherServlet 'dispatcherServlet'
2026-03-15T19:00:43.266+01:00 r= ip=  INFO 55285 --- [wendys-family-tree] [http-nio-8080-exec-1] o.s.web.servlet.DispatcherServlet        : Initializing Servlet 'dispatcherServlet'
2026-03-15T19:00:43.274+01:00 r= ip=  INFO 55285 --- [wendys-family-tree] [http-nio-8080-exec-1] o.s.web.servlet.DispatcherServlet        : Completed initialization in 8 ms
2026-03-15T19:00:43.287+01:00 r=e8145c367340 ip=0:0:0:0:0:0:0:1  INFO 55285 --- [wendys-family-tree] [http-nio-8080-exec-1] a.a.t.s.a.individual.config.LogFilter    : >>> GET /horses UA=curl/8.7.1
2026-03-15T19:00:43.362+01:00 r=e8145c367340 ip=0:0:0:0:0:0:0:1  INFO 55285 --- [wendys-family-tree] [http-nio-8080-exec-1] a.a.t.s.a.individual.rest.HorseEndpoint  : GET /horses
2026-03-15T19:00:43.372+01:00 r=e8145c367340 ip=0:0:0:0:0:0:0:1  INFO 55285 --- [wendys-family-tree] [http-nio-8080-exec-1] com.zaxxer.hikari.HikariDataSource       : HikariPool-1 - Starting...
2026-03-15T19:00:44.271+01:00 r=e8145c367340 ip=0:0:0:0:0:0:0:1  INFO 55285 --- [wendys-family-tree] [http-nio-8080-exec-1] com.zaxxer.hikari.pool.HikariPool        : HikariPool-1 - Added connection conn1: url=jdbc:h2:./wendydb user=SA
2026-03-15T19:00:44.280+01:00 r=e8145c367340 ip=0:0:0:0:0:0:0:1  INFO 55285 --- [wendys-family-tree] [http-nio-8080-exec-1] com.zaxxer.hikari.HikariDataSource       : HikariPool-1 - Start completed.
2026-03-15T19:00:44.494+01:00 r=e8145c367340 ip=0:0:0:0:0:0:0:1  INFO 55285 --- [wendys-family-tree] [http-nio-8080-exec-1] a.a.t.s.a.individual.config.LogFilter    : <<< GET /horses status=200 time=1206ms
2026-03-15T19:02:25.019+01:00 r=2313eed3dfea ip=0:0:0:0:0:0:0:1  INFO 55285 --- [wendys-family-tree] [http-nio-8080-exec-2] a.a.t.s.a.individual.config.LogFilter    : >>> GET /horses UA=Mozilla/5.0 (Macintosh; Intel Mac OS X 10_15_7) AppleWebKit/605.1.15 (KHTML, like Gecko) Version/26.3 Safari/605.1.15
2026-03-15T19:02:25.147+01:00 r=2313eed3dfea ip=0:0:0:0:0:0:0:1  INFO 55285 --- [wendys-family-tree] [http-nio-8080-exec-2] a.a.t.s.a.individual.rest.HorseEndpoint  : GET /horses
2026-03-15T19:02:25.165+01:00 r=2313eed3dfea ip=0:0:0:0:0:0:0:1  INFO 55285 --- [wendys-family-tree] [http-nio-8080-exec-2] a.a.t.s.a.individual.config.LogFilter    : <<< GET /horses status=200 time=143ms
2026-03-15T19:03:34.670+01:00 r=87f6a374e2f5 ip=0:0:0:0:0:0:0:1  INFO 55285 --- [wendys-family-tree] [http-nio-8080-exec-4] a.a.t.s.a.individual.config.LogFilter    : >>> GET /owners?name=Yoan&maxAmount=5 UA=Mozilla/5.0 (Macintosh; Intel Mac OS X 10_15_7) AppleWebKit/605.1.15 (KHTML, like Gecko) Version/26.3 Safari/605.1.15
2026-03-15T19:03:34.718+01:00 r=87f6a374e2f5 ip=0:0:0:0:0:0:0:1  INFO 55285 --- [wendys-family-tree] [http-nio-8080-exec-4] a.a.t.s.a.individual.rest.OwnerEndpoint  : GET /owners query parameters: OwnerSearchDto[name=Yoan, maxAmount=5]
2026-03-15T19:03:34.751+01:00 r=87f6a374e2f5 ip=0:0:0:0:0:0:0:1  INFO 55285 --- [wendys-family-tree] [http-nio-8080-exec-4] a.a.t.s.a.individual.config.LogFilter    : <<< GET /owners?name=Yoan&maxAmount=5 status=200 time=78ms
2026-03-15T19:03:35.718+01:00 r=fa6054c35071 ip=0:0:0:0:0:0:0:1  INFO 55285 --- [wendys-family-tree] [http-nio-8080-exec-5] a.a.t.s.a.individual.config.LogFilter    : >>> GET /owners?name=Yoana&maxAmount=5 UA=Mozilla/5.0 (Macintosh; Intel Mac OS X 10_15_7) AppleWebKit/605.1.15 (KHTML, like Gecko) Version/26.3 Safari/605.1.15
2026-03-15T19:03:35.723+01:00 r=fa6054c35071 ip=0:0:0:0:0:0:0:1  INFO 55285 --- [wendys-family-tree] [http-nio-8080-exec-5] a.a.t.s.a.individual.rest.OwnerEndpoint  : GET /owners query parameters: OwnerSearchDto[name=Yoana, maxAmount=5]
2026-03-15T19:03:35.735+01:00 r=fa6054c35071 ip=0:0:0:0:0:0:0:1  INFO 55285 --- [wendys-family-tree] [http-nio-8080-exec-5] a.a.t.s.a.individual.config.LogFilter    : <<< GET /owners?name=Yoana&maxAmount=5 status=200 time=16ms
2026-03-15T19:03:55.790+01:00 r=e174a2e27223 ip=0:0:0:0:0:0:0:1  INFO 55285 --- [wendys-family-tree] [http-nio-8080-exec-6] a.a.t.s.a.individual.config.LogFilter    : >>> GET /horses UA=Mozilla/5.0 (Macintosh; Intel Mac OS X 10_15_7) AppleWebKit/605.1.15 (KHTML, like Gecko) Version/26.3 Safari/605.1.15
2026-03-15T19:03:55.802+01:00 r=e174a2e27223 ip=0:0:0:0:0:0:0:1  INFO 55285 --- [wendys-family-tree] [http-nio-8080-exec-6] a.a.t.s.a.individual.rest.HorseEndpoint  : GET /horses
2026-03-15T19:03:55.810+01:00 r=e174a2e27223 ip=0:0:0:0:0:0:0:1  INFO 55285 --- [wendys-family-tree] [http-nio-8080-exec-6] a.a.t.s.a.individual.config.LogFilter    : <<< GET /horses status=200 time=15ms
2026-03-15T19:16:39.835+01:00 r=1d7a89d115e5 ip=0:0:0:0:0:0:0:1  INFO 55285 --- [wendys-family-tree] [http-nio-8080-exec-8] a.a.t.s.a.individual.config.LogFilter    : >>> GET /horses UA=Mozilla/5.0 (Macintosh; Intel Mac OS X 10_15_7) AppleWebKit/605.1.15 (KHTML, like Gecko) Version/26.3 Safari/605.1.15
2026-03-15T19:16:39.858+01:00 r=1d7a89d115e5 ip=0:0:0:0:0:0:0:1  INFO 55285 --- [wendys-family-tree] [http-nio-8080-exec-8] a.a.t.s.a.individual.rest.HorseEndpoint  : GET /horses
2026-03-15T19:16:39.869+01:00 r=1d7a89d115e5 ip=0:0:0:0:0:0:0:1  INFO 55285 --- [wendys-family-tree] [http-nio-8080-exec-8] a.a.t.s.a.individual.config.LogFilter    : <<< GET /horses status=200 time=31ms
